E:\MEDICAL PRESCRIPTION GENERATOR\DEBUG\MED_PROJ.EXE
E:\MEDICAL PRESCRIPTION GENERATOR\DEBUG\MED_PROJ.ILK
E:\MEDICAL PRESCRIPTION GENERATOR\DEBUG\MED_PROJ.PDB
E:\MEDICAL PRESCRIPTION GENERATOR\MED_PROJ\DEBUG\.NETFRAMEWORK,VERSION=V4.0.ASSEMBLYATTRIBUTES.OBJ
E:\MEDICAL PRESCRIPTION GENERATOR\MED_PROJ\DEBUG\ABOUT.OBJ
E:\MEDICAL PRESCRIPTION GENERATOR\MED_PROJ\DEBUG\APP.RES
E:\MEDICAL PRESCRIPTION GENERATOR\MED_PROJ\DEBUG\ASSEMBLYINFO.OBJ
E:\Medical Prescription Generator\med_proj\Debug\cl.command.1.tlog
E:\Medical Prescription Generator\med_proj\Debug\CL.read.1.tlog
E:\Medical Prescription Generator\med_proj\Debug\CL.write.1.tlog
E:\MEDICAL PRESCRIPTION GENERATOR\MED_PROJ\DEBUG\FEVER.OBJ
E:\Medical Prescription Generator\med_proj\Debug\link.14992.read.1.tlog
E:\Medical Prescription Generator\med_proj\Debug\link.14992.write.1.tlog
E:\Medical Prescription Generator\med_proj\Debug\link.14992-cvtres.read.1.tlog
E:\Medical Prescription Generator\med_proj\Debug\link.14992-cvtres.write.1.tlog
E:\Medical Prescription Generator\med_proj\Debug\link.20876.read.1.tlog
E:\Medical Prescription Generator\med_proj\Debug\link.20876.write.1.tlog
E:\Medical Prescription Generator\med_proj\Debug\link.20876-cvtres.read.1.tlog
E:\Medical Prescription Generator\med_proj\Debug\link.20876-cvtres.write.1.tlog
E:\Medical Prescription Generator\med_proj\Debug\link.command.1.tlog
E:\Medical Prescription Generator\med_proj\Debug\link.read.1.tlog
E:\Medical Prescription Generator\med_proj\Debug\link.write.1.tlog
E:\Medical Prescription Generator\med_proj\Debug\med_proj.about.resources
E:\MEDICAL PRESCRIPTION GENERATOR\MED_PROJ\DEBUG\MED_PROJ.EXE.INTERMEDIATE.MANIFEST
E:\Medical Prescription Generator\med_proj\Debug\med_proj.fever.resources
E:\Medical Prescription Generator\med_proj\Debug\med_proj.Form1.resources
E:\MEDICAL PRESCRIPTION GENERATOR\MED_PROJ\DEBUG\MED_PROJ.OBJ
E:\MEDICAL PRESCRIPTION GENERATOR\MED_PROJ\DEBUG\MED_PROJ.PCH
E:\Medical Prescription Generator\med_proj\Debug\med_proj.test.resources
E:\Medical Prescription Generator\med_proj\Debug\med_proj.vcxproj.GenerateResource.Cache
E:\Medical Prescription Generator\med_proj\Debug\med_proj.vcxprojResolveAssemblyReference.cache
E:\Medical Prescription Generator\med_proj\Debug\med_proj.write.1.tlog
E:\Medical Prescription Generator\med_proj\Debug\metagen.read.1.tlog
E:\Medical Prescription Generator\med_proj\Debug\metagen.write.1.tlog
E:\Medical Prescription Generator\med_proj\Debug\mt.command.1.tlog
E:\Medical Prescription Generator\med_proj\Debug\mt.read.1.tlog
E:\Medical Prescription Generator\med_proj\Debug\mt.write.1.tlog
E:\Medical Prescription Generator\med_proj\Debug\rc.command.1.tlog
E:\Medical Prescription Generator\med_proj\Debug\rc.read.1.tlog
E:\Medical Prescription Generator\med_proj\Debug\rc.write.1.tlog
E:\MEDICAL PRESCRIPTION GENERATOR\MED_PROJ\DEBUG\STDAFX.OBJ
E:\MEDICAL PRESCRIPTION GENERATOR\MED_PROJ\DEBUG\VC100.PDB
